<?xml version="1.0" encoding="UTF-8"?>
<!-- Generated by org.testng.reporters.JUnitReportReporter -->
<testsuite hostname="DESKTOP-29191PG" failures="0" tests="1" name="com.test.BrowserInvoke" time="37.150" errors="0" timestamp="2023-10-05T13:37:28 IST" skipped="0">
  <testcase classname="com.test.BrowserInvoke" name="validate" time="37.150"/>
  <system-out/>
</testsuite> <!-- com.test.BrowserInvoke -->
